app/build/outputs/logs/manifest-merger-debug-report.txt
-- Merging decision tree log ---
manifest
ADDED from src\main\AndroidManifest.xml:2:1-38:12
	package
		ADDED from src\main\AndroidManifest.xml:3:5-35
		INJECTED from src\main\AndroidManifest.xml
		INJECTED from src\main\AndroidManifest.xml
	android:versionName
		ADDED from src\main\AndroidManifest.xml:5:5-30
		INJECTED from src\main\AndroidManifest.xml
		INJECTED from src\main\AndroidManifest.xml
	android:versionCode
		ADDED from src\main\AndroidManifest.xml:4:5-28
		INJECTED from src\main\AndroidManifest.xml
		INJECTED from src\main\AndroidManifest.xml
	xmlns:android
		ADDED from src\main\AndroidManifest.xml:2:11-69
uses-permission#android.permission.ACCESS_NETWORK_STATE
ADDED from src\main\AndroidManifest.xml:7:5-79
	android:name
		ADDED from src\main\AndroidManifest.xml:7:22-76
uses-permission#android.permission.INTERNET
ADDED from src\main\AndroidManifest.xml:8:5-67
	android:name
		ADDED from src\main\AndroidManifest.xml:8:22-64
application
ADDED from src\main\AndroidManifest.xml:10:5-36:19
MERGED from [com.android.support:support-v4:24.1.1] AndroidManifest.xml:25:5-20
MERGED from [com.android.support:appcompat-v7:24.1.1] AndroidManifest.xml:25:5-20
MERGED from [com.android.support:animated-vector-drawable:24.1.1] AndroidManifest.xml:22:5-20
MERGED from [com.android.support:support-vector-drawable:24.1.1] AndroidManifest.xml:23:5-20
MERGED from [com.android.support:support-v4:24.1.1] AndroidManifest.xml:25:5-20
MERGED from [com.android.support:support-v4:24.1.1] AndroidManifest.xml:25:5-20
MERGED from [com.android.support:support-vector-drawable:24.1.1] AndroidManifest.xml:23:5-20
MERGED from [com.android.support:support-v4:24.1.1] AndroidManifest.xml:25:5-20
MERGED from [com.android.support:design:24.1.1] AndroidManifest.xml:22:5-20
MERGED from [com.android.support:support-v4:24.1.1] AndroidManifest.xml:25:5-20
MERGED from [com.android.support:support-v4:24.1.1] AndroidManifest.xml:25:5-20
MERGED from [com.android.support:appcompat-v7:24.1.1] AndroidManifest.xml:25:5-20
MERGED from [com.android.support:animated-vector-drawable:24.1.1] AndroidManifest.xml:22:5-20
MERGED from [com.android.support:support-vector-drawable:24.1.1] AndroidManifest.xml:23:5-20
MERGED from [com.android.support:support-v4:24.1.1] AndroidManifest.xml:25:5-20
MERGED from [com.android.support:support-v4:24.1.1] AndroidManifest.xml:25:5-20
MERGED from [com.android.support:support-vector-drawable:24.1.1] AndroidManifest.xml:23:5-20
MERGED from [com.android.support:support-v4:24.1.1] AndroidManifest.xml:25:5-20
MERGED from [com.android.volley:volley:1.0.0] AndroidManifest.xml:9:5-20
	android:label
		ADDED from src\main\AndroidManifest.xml:13:9-41
	android:allowBackup
		ADDED from src\main\AndroidManifest.xml:11:9-35
	android:icon
		ADDED from src\main\AndroidManifest.xml:12:9-43
	android:theme
		ADDED from src\main\AndroidManifest.xml:14:9-40
activity#com.example.magicuhf.MagicMainActivity
ADDED from src\main\AndroidManifest.xml:15:9-23:20
	android:label
		ADDED from src\main\AndroidManifest.xml:17:13-45
	android:name
		ADDED from src\main\AndroidManifest.xml:16:13-66
intent-filter#android.intent.action.MAIN+android.intent.category.LAUNCHER
ADDED from src\main\AndroidManifest.xml:18:13-22:29
action#android.intent.action.MAIN
ADDED from src\main\AndroidManifest.xml:19:17-69
	android:name
		ADDED from src\main\AndroidManifest.xml:19:25-66
category#android.intent.category.LAUNCHER
ADDED from src\main\AndroidManifest.xml:21:17-77
	android:name
		ADDED from src\main\AndroidManifest.xml:21:27-74
activity#com.example.magicuhf.MainActivity
ADDED from src\main\AndroidManifest.xml:25:9-50
	android:name
		ADDED from src\main\AndroidManifest.xml:25:19-47
activity#com.example.magicuhf.ReadWrite
ADDED from src\main\AndroidManifest.xml:27:9-29:41
	android:label
		ADDED from src\main\AndroidManifest.xml:29:13-38
	android:name
		ADDED from src\main\AndroidManifest.xml:28:13-38
receiver#utilities.ConnectionBroadcastReceiver
ADDED from src\main\AndroidManifest.xml:31:9-35:20
	android:name
		ADDED from src\main\AndroidManifest.xml:31:19-71
intent-filter#android.net.conn.CONNECTIVITY_CHANGE
ADDED from src\main\AndroidManifest.xml:32:13-34:29
action#android.net.conn.CONNECTIVITY_CHANGE
ADDED from src\main\AndroidManifest.xml:33:17-79
	android:name
		ADDED from src\main\AndroidManifest.xml:33:25-76
uses-sdk
INJECTED from src\main\AndroidManifest.xml reason: use-sdk injection requested
MERGED from [com.android.support:support-v4:24.1.1] AndroidManifest.xml:21:5-23:54
MERGED from [com.android.support:appcompat-v7:24.1.1] AndroidManifest.xml:21:5-23:78
MERGED from [com.android.support:animated-vector-drawable:24.1.1] AndroidManifest.xml:20:5-44
MERGED from [com.android.support:support-vector-drawable:24.1.1] AndroidManifest.xml:21:5-43
MERGED from [com.android.support:support-v4:24.1.1] AndroidManifest.xml:21:5-23:54
MERGED from [com.android.support:support-v4:24.1.1] AndroidManifest.xml:21:5-23:54
MERGED from [com.android.support:support-vector-drawable:24.1.1] AndroidManifest.xml:21:5-43
MERGED from [com.android.support:support-v4:24.1.1] AndroidManifest.xml:21:5-23:54
MERGED from [com.android.support:design:24.1.1] AndroidManifest.xml:20:5-43
MERGED from [com.android.support:support-v4:24.1.1] AndroidManifest.xml:21:5-23:54
MERGED from [com.android.support:recyclerview-v7:24.1.1] AndroidManifest.xml:20:5-43
MERGED from [com.android.support:support-v4:24.1.1] AndroidManifest.xml:21:5-23:54
MERGED from [com.android.support:appcompat-v7:24.1.1] AndroidManifest.xml:21:5-23:78
MERGED from [com.android.support:animated-vector-drawable:24.1.1] AndroidManifest.xml:20:5-44
MERGED from [com.android.support:support-vector-drawable:24.1.1] AndroidManifest.xml:21:5-43
MERGED from [com.android.support:support-v4:24.1.1] AndroidManifest.xml:21:5-23:54
MERGED from [com.android.support:support-v4:24.1.1] AndroidManifest.xml:21:5-23:54
MERGED from [com.android.support:support-vector-drawable:24.1.1] AndroidManifest.xml:21:5-43
MERGED from [com.android.support:support-v4:24.1.1] AndroidManifest.xml:21:5-23:54
MERGED from [com.android.volley:volley:1.0.0] AndroidManifest.xml:7:5-43
	tools:overrideLibrary
		ADDED from [com.android.support:support-v4:24.1.1] AndroidManifest.xml:23:9-51
	android:targetSdkVersion
		INJECTED from src\main\AndroidManifest.xml
		INJECTED from src\main\AndroidManifest.xml
	android:minSdkVersion
		INJECTED from src\main\AndroidManifest.xml
		INJECTED from src\main\AndroidManifest.xml